---------- Date: 2017-11-30 10:15:15 ~ IP : 91.228.58.224 ----------
REQUEST URI : /admin/index.php?route=common/filemanager&token=hWftf1QCh7082xbRQGabN4bzsH4UDlX1&target=input-image&thumb=thumb-image
MOD DETAILS:
   modFile   : /var/www/brainme/data/www/dev2.brainme.org/vqmod/xml/admin_ckeditor_2_2.xml
   id        : adminckeditor
   version   : 1.0
   vqmver    : 2.5.0
   author    : Richard Vošický

File Name    : admin/controller/common/filemanager.php(0)
VQModObject::applyMod - SEARCH NOT FOUND (ABORTING MOD): $url .= '&thumb=' . $this->request->get['thumb'];

----------------------------------------------------------------------


---------- Date: 2017-11-30 10:27:53 ~ IP : 91.228.58.224 ----------
REQUEST URI : /admin/index.php?route=common/filemanager&token=hWftf1QCh7082xbRQGabN4bzsH4UDlX1&target=input-image0&thumb=thumb-image0
MOD DETAILS:
   modFile   : /var/www/brainme/data/www/dev2.brainme.org/vqmod/xml/admin_ckeditor_2_2.xml
   id        : adminckeditor
   version   : 1.0
   vqmver    : 2.5.0
   author    : Richard Vošický

File Name    : admin/controller/common/filemanager.php(0)
VQModObject::applyMod - SEARCH NOT FOUND (ABORTING MOD): $url .= '&thumb=' . $this->request->get['thumb'];

----------------------------------------------------------------------


---------- Date: 2017-11-30 10:29:55 ~ IP : 91.228.58.224 ----------
REQUEST URI : /admin/index.php?route=common/filemanager&token=hWftf1QCh7082xbRQGabN4bzsH4UDlX1&target=input-image3&thumb=thumb-image3
MOD DETAILS:
   modFile   : /var/www/brainme/data/www/dev2.brainme.org/vqmod/xml/admin_ckeditor_2_2.xml
   id        : adminckeditor
   version   : 1.0
   vqmver    : 2.5.0
   author    : Richard Vošický

File Name    : admin/controller/common/filemanager.php(0)
VQModObject::applyMod - SEARCH NOT FOUND (ABORTING MOD): $url .= '&thumb=' . $this->request->get['thumb'];

----------------------------------------------------------------------


---------- Date: 2017-11-30 10:30:38 ~ IP : 91.228.58.224 ----------
REQUEST URI : /admin/index.php?route=common/filemanager&token=hWftf1QCh7082xbRQGabN4bzsH4UDlX1&target=input-image0&thumb=thumb-image0
MOD DETAILS:
   modFile   : /var/www/brainme/data/www/dev2.brainme.org/vqmod/xml/admin_ckeditor_2_2.xml
   id        : adminckeditor
   version   : 1.0
   vqmver    : 2.5.0
   author    : Richard Vošický

File Name    : admin/controller/common/filemanager.php(0)
VQModObject::applyMod - SEARCH NOT FOUND (ABORTING MOD): $url .= '&thumb=' . $this->request->get['thumb'];

----------------------------------------------------------------------


---------- Date: 2017-11-30 15:25:32 ~ IP : 194.183.179.106 ----------
REQUEST URI : /admin/index.php?route=common/filemanager&token=OuvRRztdozWNfSWbFVXOJqXIjD49WmCr&target=input-image&thumb=thumb-image
MOD DETAILS:
   modFile   : /var/www/brainme/data/www/dev2.brainme.org/vqmod/xml/admin_ckeditor_2_2.xml
   id        : adminckeditor
   version   : 1.0
   vqmver    : 2.5.0
   author    : Richard Vošický

File Name    : admin/controller/common/filemanager.php(0)
VQModObject::applyMod - SEARCH NOT FOUND (ABORTING MOD): $url .= '&thumb=' . $this->request->get['thumb'];

----------------------------------------------------------------------


---------- Date: 2017-11-30 16:13:05 ~ IP : 194.183.179.106 ----------
REQUEST URI : /admin/index.php?route=common/filemanager&token=OuvRRztdozWNfSWbFVXOJqXIjD49WmCr&target=input-image&thumb=thumb-image
MOD DETAILS:
   modFile   : /var/www/brainme/data/www/dev2.brainme.org/vqmod/xml/admin_ckeditor_2_2.xml
   id        : adminckeditor
   version   : 1.0
   vqmver    : 2.5.0
   author    : Richard Vošický

File Name    : admin/controller/common/filemanager.php(0)
VQModObject::applyMod - SEARCH NOT FOUND (ABORTING MOD): $url .= '&thumb=' . $this->request->get['thumb'];

----------------------------------------------------------------------


